2021-01-29 02:28:34,630:WARNING:discord.client: PyNaCl is not installed, voice will NOT be supported
2021-01-29 02:28:34,631:INFO:discord.client: logging in using static token
2021-01-29 02:28:34,971:DEBUG:discord.http: GET https://discord.com/api/v7/users/@me with None has returned 200
2021-01-29 02:28:34,971:DEBUG:discord.http: GET https://discord.com/api/v7/users/@me has received {'id': '804348221748936704', 'username': 'Shinsha', 'avatar': 'a730c5ae58ba8ed47857aa5cf29e4282', 'discriminator': '7590', 'public_flags': 0, 'flags': 0, 'bot': True, 'email': None, 'verified': True, 'locale': 'en-US', 'mfa_enabled': False}
2021-01-29 02:28:34,991:DEBUG:discord.http: GET https://discord.com/api/v7/gateway with None has returned 200
2021-01-29 02:28:34,991:DEBUG:discord.http: GET https://discord.com/api/v7/gateway has received {'url': 'wss://gateway.discord.gg'}
2021-01-29 02:28:35,266:DEBUG:discord.gateway: Created websocket connected to wss://gateway.discord.gg?encoding=json&v=6&compress=zlib-stream
2021-01-29 02:28:35,266:DEBUG:discord.client: Dispatching event socket_raw_receive
2021-01-29 02:28:35,267:DEBUG:discord.gateway: For Shard ID None: WebSocket Event: {'t': None, 's': None, 'op': 10, 'd': {'heartbeat_interval': 41250, '_trace': ['["gateway-prd-main-wft6",{"micros":0.0}]']}}
2021-01-29 02:28:35,267:DEBUG:discord.client: Dispatching event socket_response
2021-01-29 02:28:35,267:DEBUG:discord.client: Dispatching event socket_raw_send
2021-01-29 02:28:35,267:DEBUG:discord.client: Dispatching event socket_raw_send
2021-01-29 02:28:35,267:INFO:discord.gateway: Shard ID None has sent the IDENTIFY payload.
2021-01-29 02:28:35,438:DEBUG:discord.client: Dispatching event socket_raw_receive
2021-01-29 02:28:35,438:DEBUG:discord.gateway: For Shard ID None: WebSocket Event: {'t': None, 's': None, 'op': 11, 'd': None}
2021-01-29 02:28:35,438:DEBUG:discord.client: Dispatching event socket_response
2021-01-29 02:28:35,514:DEBUG:discord.client: Dispatching event socket_raw_receive
2021-01-29 02:28:35,514:DEBUG:discord.gateway: For Shard ID None: WebSocket Event: {'t': 'READY', 's': 1, 'op': 0, 'd': {'v': 6, 'user_settings': {}, 'user': {'verified': True, 'username': 'Shinsha', 'mfa_enabled': False, 'id': '804348221748936704', 'flags': 0, 'email': None, 'discriminator': '7590', 'bot': True, 'avatar': 'a730c5ae58ba8ed47857aa5cf29e4282'}, 'session_id': 'd91c3571fc30760e4fce43bf7f0c27f5', 'relationships': [], 'private_channels': [], 'presences': [], 'guilds': [{'unavailable': True, 'id': '789853206053126144'}], 'guild_join_requests': [], 'geo_ordered_rtc_regions': ['japan', 'hongkong', 'singapore', 'india', 'russia'], 'application': {'id': '804348221748936704', 'flags': 0}, '_trace': ['["gateway-prd-main-wft6",{"micros":73055,"calls":["discord-sessions-prd-2-21",{"micros":71091,"calls":["start_session",{"micros":55874,"calls":["api-prd-main-2k6f",{"micros":49043,"calls":["get_user",{"micros":3467},"add_authorized_ip",{"micros":1525},"get_guilds",{"micros":7650},"coros_wait",{"micros":1}]}]},"guilds_connect",{"micros":2,"calls":[]},"presence_connect",{"micros":1,"calls":[]}]}]}]']}}
2021-01-29 02:28:35,515:DEBUG:discord.client: Dispatching event socket_response
2021-01-29 02:28:35,515:INFO:discord.gateway: Shard ID None has connected to Gateway: ["gateway-prd-main-wft6",{"micros":73055,"calls":["discord-sessions-prd-2-21",{"micros":71091,"calls":["start_session",{"micros":55874,"calls":["api-prd-main-2k6f",{"micros":49043,"calls":["get_user",{"micros":3467},"add_authorized_ip",{"micros":1525},"get_guilds",{"micros":7650},"coros_wait",{"micros":1}]}]},"guilds_connect",{"micros":2,"calls":[]},"presence_connect",{"micros":1,"calls":[]}]}]}] (Session ID: d91c3571fc30760e4fce43bf7f0c27f5).
2021-01-29 02:28:35,519:DEBUG:discord.client: Dispatching event connect
2021-01-29 02:28:35,519:DEBUG:discord.client: Dispatching event socket_raw_receive
2021-01-29 02:28:35,520:DEBUG:discord.gateway: For Shard ID None: WebSocket Event: {'t': 'GUILD_CREATE', 's': 2, 'op': 0, 'd': {'description': None, 'channels': [{'type': 4, 'position': 0, 'permission_overwrites': [], 'name': 'Kanały tekstowe', 'id': '789853206053126145'}, {'type': 4, 'position': 0, 'permission_overwrites': [], 'name': 'Kanały głosowe', 'id': '789853206053126146'}, {'type': 0, 'topic': None, 'rate_limit_per_user': 0, 'position': 0, 'permission_overwrites': [], 'parent_id': '789853206053126145', 'name': 'ogólny', 'last_message_id': '804392537694535721', 'id': '789853206053126147'}, {'user_limit': 0, 'type': 2, 'position': 0, 'permission_overwrites': [], 'parent_id': '789853206053126146', 'name': 'Ogólne', 'id': '789853206053126148', 'bitrate': 64000}], 'roles': [{'position': 0, 'permissions_new': '104320577', 'permissions': 104320577, 'name': '@everyone', 'mentionable': False, 'managed': False, 'id': '789853206053126144', 'hoist': False, 'color': 0}, {'tags': {'bot_id': '804348221748936704'}, 'position': 1, 'permissions_new': '388160', 'permissions': 388160, 'name': 'Shinsha', 'mentionable': False, 'managed': True, 'id': '804350438358253669', 'hoist': False, 'color': 0}], 'preferred_locale': 'en-US', 'features': [], 'joined_at': '2021-01-28T14:01:28.656232+00:00', 'public_updates_channel_id': None, 'application_id': None, 'icon': None, 'member_count': 3, 'afk_channel_id': None, 'verification_level': 0, 'default_message_notifications': 0, 'members': [{'user': {'username': 'Shinsha', 'id': '804348221748936704', 'discriminator': '7590', 'bot': True, 'avatar': 'a730c5ae58ba8ed47857aa5cf29e4282'}, 'roles': ['804350438358253669'], 'premium_since': None, 'pending': False, 'nick': None, 'mute': False, 'joined_at': '2021-01-28T14:01:28.656232+00:00', 'is_pending': False, 'hoisted_role': None, 'deaf': False}], 'region': 'japan', 'explicit_content_filter': 0, 'large': False, 'name': 'FoxHole', 'splash': None, 'unavailable': False, 'discovery_splash': None, 'premium_subscription_count': 0, 'lazy': True, 'vanity_url_code': None, 'rules_channel_id': None, 'max_members': 100000, 'afk_timeout': 300, 'system_channel_flags': 0, 'guild_hashes': {'version': 1, 'roles': {'omitted': False, 'hash': '6fs+TsXOJXE'}, 'metadata': {'omitted': False, 'hash': '8sIDylhcyo0'}, 'channels': {'omitted': False, 'hash': 'id2avPvJcWc'}}, 'presences': [], 'system_channel_id': '789853206053126147', 'banner': None, 'voice_states': [], 'mfa_level': 0, 'owner_id': '210082842619805696', 'threads': [], 'max_video_channel_users': 25, 'id': '789853206053126144', 'emojis': [], 'premium_tier': 0}}
2021-01-29 02:28:35,520:DEBUG:discord.client: Dispatching event socket_response
2021-01-29 02:28:35,520:DEBUG:discord.client: Dispatching event guild_available
2021-01-29 02:28:37,530:DEBUG:discord.client: Dispatching event ready
2021-01-29 02:29:16,524:DEBUG:discord.gateway: Keeping shard ID None websocket alive with sequence 2.
2021-01-29 02:29:16,701:DEBUG:discord.client: Dispatching event socket_raw_receive
2021-01-29 02:29:16,701:DEBUG:discord.gateway: For Shard ID None: WebSocket Event: {'t': None, 's': None, 'op': 11, 'd': None}
2021-01-29 02:29:16,701:DEBUG:discord.client: Dispatching event socket_response
2021-01-29 02:29:57,784:DEBUG:discord.gateway: Keeping shard ID None websocket alive with sequence 2.
2021-01-29 02:29:57,957:DEBUG:discord.client: Dispatching event socket_raw_receive
2021-01-29 02:29:57,957:DEBUG:discord.gateway: For Shard ID None: WebSocket Event: {'t': None, 's': None, 'op': 11, 'd': None}
2021-01-29 02:29:57,957:DEBUG:discord.client: Dispatching event socket_response
